\BOOKMARK [0][-]{chapter.1}{\376\377\000a\000p\000p\000e\000j\000e\000m\000p\000l\000a\000r\000e\000s\000\040\000p\000a\000c\000k\000a\000g\000e}{}% 1
\BOOKMARK [1][-]{section.1.1}{\376\377\000S\000u\000b\000m\000o\000d\000u\000l\000e\000s}{chapter.1}% 2
\BOOKMARK [1][-]{section.1.2}{\376\377\000a\000p\000p\000e\000j\000e\000m\000p\000l\000a\000r\000e\000s\000.\000f\000o\000r\000m\000s\000\040\000m\000o\000d\000u\000l\000e}{chapter.1}% 3
\BOOKMARK [1][-]{section.1.3}{\376\377\000a\000p\000p\000e\000j\000e\000m\000p\000l\000a\000r\000e\000s\000.\000m\000o\000d\000e\000l\000s\000\040\000m\000o\000d\000u\000l\000e}{chapter.1}% 4
\BOOKMARK [1][-]{section.1.4}{\376\377\000a\000p\000p\000e\000j\000e\000m\000p\000l\000a\000r\000e\000s\000.\000u\000r\000l\000s\000\040\000m\000o\000d\000u\000l\000e}{chapter.1}% 5
\BOOKMARK [1][-]{section.1.5}{\376\377\000a\000p\000p\000e\000j\000e\000m\000p\000l\000a\000r\000e\000s\000.\000v\000i\000e\000w\000s\000\040\000m\000o\000d\000u\000l\000e}{chapter.1}% 6
\BOOKMARK [1][-]{section.1.6}{\376\377\000M\000o\000d\000u\000l\000e\000\040\000c\000o\000n\000t\000e\000n\000t\000s}{chapter.1}% 7
\BOOKMARK [0][-]{chapter.2}{\376\377\000a\000p\000p\000p\000r\000e\000s\000t\000a\000m\000o\000s\000\040\000p\000a\000c\000k\000a\000g\000e}{}% 8
\BOOKMARK [1][-]{section.2.1}{\376\377\000S\000u\000b\000m\000o\000d\000u\000l\000e\000s}{chapter.2}% 9
\BOOKMARK [1][-]{section.2.2}{\376\377\000a\000p\000p\000p\000r\000e\000s\000t\000a\000m\000o\000s\000.\000f\000o\000r\000m\000s\000\040\000m\000o\000d\000u\000l\000e}{chapter.2}% 10
\BOOKMARK [1][-]{section.2.3}{\376\377\000a\000p\000p\000p\000r\000e\000s\000t\000a\000m\000o\000s\000.\000m\000o\000d\000e\000l\000s\000\040\000m\000o\000d\000u\000l\000e}{chapter.2}% 11
\BOOKMARK [1][-]{section.2.4}{\376\377\000a\000p\000p\000p\000r\000e\000s\000t\000a\000m\000o\000s\000.\000u\000r\000l\000s\000\040\000m\000o\000d\000u\000l\000e}{chapter.2}% 12
\BOOKMARK [1][-]{section.2.5}{\376\377\000a\000p\000p\000p\000r\000e\000s\000t\000a\000m\000o\000s\000.\000v\000i\000e\000w\000s\000\040\000m\000o\000d\000u\000l\000e}{chapter.2}% 13
\BOOKMARK [1][-]{section.2.6}{\376\377\000M\000o\000d\000u\000l\000e\000\040\000c\000o\000n\000t\000e\000n\000t\000s}{chapter.2}% 14
\BOOKMARK [0][-]{chapter.3}{\376\377\000a\000p\000p\000u\000s\000u\000a\000r\000i\000o\000s\000\040\000p\000a\000c\000k\000a\000g\000e}{}% 15
\BOOKMARK [1][-]{section.3.1}{\376\377\000S\000u\000b\000m\000o\000d\000u\000l\000e\000s}{chapter.3}% 16
\BOOKMARK [1][-]{section.3.2}{\376\377\000a\000p\000p\000u\000s\000u\000a\000r\000i\000o\000s\000.\000f\000o\000r\000m\000s\000\040\000m\000o\000d\000u\000l\000e}{chapter.3}% 17
\BOOKMARK [1][-]{section.3.3}{\376\377\000a\000p\000p\000u\000s\000u\000a\000r\000i\000o\000s\000.\000m\000o\000d\000e\000l\000s\000\040\000m\000o\000d\000u\000l\000e}{chapter.3}% 18
\BOOKMARK [1][-]{section.3.4}{\376\377\000a\000p\000p\000u\000s\000u\000a\000r\000i\000o\000s\000.\000u\000r\000l\000s\000\040\000m\000o\000d\000u\000l\000e}{chapter.3}% 19
\BOOKMARK [1][-]{section.3.5}{\376\377\000a\000p\000p\000u\000s\000u\000a\000r\000i\000o\000s\000.\000v\000i\000e\000w\000s\000\040\000m\000o\000d\000u\000l\000e}{chapter.3}% 20
\BOOKMARK [1][-]{section.3.6}{\376\377\000M\000o\000d\000u\000l\000e\000\040\000c\000o\000n\000t\000e\000n\000t\000s}{chapter.3}% 21
\BOOKMARK [0][-]{chapter.4}{\376\377\000s\000i\000s\000t\000e\000m\000a\000\040\000p\000a\000c\000k\000a\000g\000e}{}% 22
\BOOKMARK [1][-]{section.4.1}{\376\377\000S\000u\000b\000m\000o\000d\000u\000l\000e\000s}{chapter.4}% 23
\BOOKMARK [1][-]{section.4.2}{\376\377\000s\000i\000s\000t\000e\000m\000a\000.\000a\000s\000g\000i\000\040\000m\000o\000d\000u\000l\000e}{chapter.4}% 24
\BOOKMARK [1][-]{section.4.3}{\376\377\000s\000i\000s\000t\000e\000m\000a\000.\000s\000e\000t\000t\000i\000n\000g\000s\000\040\000m\000o\000d\000u\000l\000e}{chapter.4}% 25
\BOOKMARK [1][-]{section.4.4}{\376\377\000s\000i\000s\000t\000e\000m\000a\000.\000u\000r\000l\000s\000\040\000m\000o\000d\000u\000l\000e}{chapter.4}% 26
\BOOKMARK [1][-]{section.4.5}{\376\377\000s\000i\000s\000t\000e\000m\000a\000.\000w\000s\000g\000i\000\040\000m\000o\000d\000u\000l\000e}{chapter.4}% 27
\BOOKMARK [1][-]{section.4.6}{\376\377\000M\000o\000d\000u\000l\000e\000\040\000c\000o\000n\000t\000e\000n\000t\000s}{chapter.4}% 28
\BOOKMARK [0][-]{chapter.5}{\376\377\000I\000n\000d\000i\000c\000e\000s\000\040\000y\000\040\000t\000a\000b\000l\000a\000s}{}% 29
\BOOKMARK [0][-]{section*.96}{\376\377\000\315\000n\000d\000i\000c\000e\000\040\000d\000e\000\040\000M\000\363\000d\000u\000l\000o\000s\000\040\000P\000y\000t\000h\000o\000n}{}% 30
